Base path: 'C:/Program Files/UnityVersions/2019.4.1f1/Editor/Data', plugins path 'C:/Program Files/UnityVersions/2019.4.1f1/Editor/Data/PlaybackEngines'
Cmd: initializeCompiler
Cmd: compileComputeKernel
  error: 1 plat 4 at GrayScotteCalculator.compute(17): signed/unsigned mismatch, unsigned assumed
  error: 1 plat 4 at GrayScotteCalculator.compute(18): signed/unsigned mismatch, unsigned assumed
  api=4 insize=1459 outsize=233 ok=1
Cmd: compileComputeKernel
  error: 1 plat 4 at GrayScotteCalculator.compute(17): signed/unsigned mismatch, unsigned assumed
  error: 1 plat 4 at GrayScotteCalculator.compute(18): signed/unsigned mismatch, unsigned assumed
  api=4 insize=1484 outsize=1406 ok=1
Cmd: compileComputeKernel
  error: 1 plat 4 at GrayScotteCalculator.compute(17): signed/unsigned mismatch, unsigned assumed
  error: 1 plat 4 at GrayScotteCalculator.compute(18): signed/unsigned mismatch, unsigned assumed
  api=4 insize=1687 outsize=1406 ok=1
Cmd: compileComputeKernel
  error: 1 plat 4 at GrayScotteCalculator.compute(30): signed/unsigned mismatch, unsigned assumed
  error: 1 plat 4 at GrayScotteCalculator.compute(31): signed/unsigned mismatch, unsigned assumed
  api=4 insize=1941 outsize=1406 ok=1
Cmd: compileComputeKernel
  error: 1 plat 4 at GrayScotteCalculator.compute(30): signed/unsigned mismatch, unsigned assumed
  error: 1 plat 4 at GrayScotteCalculator.compute(31): signed/unsigned mismatch, unsigned assumed
  api=4 insize=1910 outsize=1406 ok=1
Cmd: compileComputeKernel
  error: 1 plat 4 at GrayScotteCalculator.compute(32): signed/unsigned mismatch, unsigned assumed
  error: 1 plat 4 at GrayScotteCalculator.compute(33): signed/unsigned mismatch, unsigned assumed
  api=4 insize=1938 outsize=1406 ok=1
Cmd: compileComputeKernel
  error: 1 plat 4 at GrayScotteCalculator.compute(20): signed/unsigned mismatch, unsigned assumed
  error: 1 plat 4 at GrayScotteCalculator.compute(21): signed/unsigned mismatch, unsigned assumed
  error: 2 plat 4 at GrayScotteCalculator.compute(22): cannot implicitly convert from 'const float2' to 'float4'
  api=4 insize=1325 outsize=0 ok=0
Cmd: compileComputeKernel
  error: 1 plat 4 at GrayScotteCalculator.compute(20): signed/unsigned mismatch, unsigned assumed
  error: 1 plat 4 at GrayScotteCalculator.compute(21): signed/unsigned mismatch, unsigned assumed
  api=4 insize=1329 outsize=1362 ok=1
Cmd: compileSnippet
  error: 2 plat 4 at (166): undeclared identifier '_TrailTex_TexelSize'\nCompiling Vertex program with UNITY_PASS_FORWARDBASE
Platform defines: UNITY_ENABLE_REFLECTION_BUFFERS UNITY_USE_DITHER_MASK_FOR_ALPHABLENDED_SHADOWS UNITY_PBS_USE_BRDF1 UNITY_SPECCUBE_BOX_PROJECTION UNITY_SPECCUBE_BLENDING UNITY_ENABLE_DETAIL_NORMALMAP SHADER_API_DESKTOP UNITY_COLORSPACE_GAMMA UNITY_LIGHT_PROBE_PROXY_VOLUME UNITY_LIGHTMAP_FULL_HDR
  api=4 type=0 insize=6840 outsize=0 kw=UNITY_PASS_FORWARDBASE pd=UNITY_ENABLE_REFLECTION_BUFFERS UNITY_USE_DITHER_MASK_FOR_ALPHABLENDED_SHADOWS UNITY_PBS_USE_BRDF1 UNITY_SPECCUBE_BOX_PROJECTION UNITY_SPECCUBE_BLENDING UNITY_ENABLE_DETAIL_NORMALMAP SHADER_API_DESKTOP UNITY_COLORSPACE_GAMMA UNITY_LIGHT_PROBE_PROXY_VOLUME UNITY_LIGHTMAP_FULL_HDR ok=0
Cmd: compileSnippet
  error: 2 plat 4 at (212): undeclared identifier 'specular'\nCompiling Domain program with UNITY_PASS_FORWARDBASE
Platform defines: UNITY_ENABLE_REFLECTION_BUFFERS UNITY_USE_DITHER_MASK_FOR_ALPHABLENDED_SHADOWS UNITY_PBS_USE_BRDF1 UNITY_SPECCUBE_BOX_PROJECTION UNITY_SPECCUBE_BLENDING UNITY_ENABLE_DETAIL_NORMALMAP SHADER_API_DESKTOP UNITY_COLORSPACE_GAMMA UNITY_LIGHT_PROBE_PROXY_VOLUME UNITY_LIGHTMAP_FULL_HDR
  api=4 type=3 insize=5739 outsize=0 kw=UNITY_PASS_FORWARDBASE pd=UNITY_ENABLE_REFLECTION_BUFFERS UNITY_USE_DITHER_MASK_FOR_ALPHABLENDED_SHADOWS UNITY_PBS_USE_BRDF1 UNITY_SPECCUBE_BOX_PROJECTION UNITY_SPECCUBE_BLENDING UNITY_ENABLE_DETAIL_NORMALMAP SHADER_API_DESKTOP UNITY_COLORSPACE_GAMMA UNITY_LIGHT_PROBE_PROXY_VOLUME UNITY_LIGHTMAP_FULL_HDR ok=0
