Base path: 'C:/Program Files/UnityVersions/2019.4.1f1/Editor/Data', plugins path 'C:/Program Files/UnityVersions/2019.4.1f1/Editor/Data/PlaybackEngines'
Cmd: initializeCompiler
Cmd: compileComputeKernel
  error: 1 plat 4 at GrayScotteCalculator.compute(17): signed/unsigned mismatch, unsigned assumed
  error: 1 plat 4 at GrayScotteCalculator.compute(18): signed/unsigned mismatch, unsigned assumed
  error: 2 plat 4 at GrayScotteCalculator.compute(63): 'x': initial value must be a literal expression
  api=4 insize=1582 outsize=0 ok=0
Cmd: compileComputeKernel
  error: 1 plat 4 at GrayScotteCalculator.compute(17): signed/unsigned mismatch, unsigned assumed
  error: 1 plat 4 at GrayScotteCalculator.compute(18): signed/unsigned mismatch, unsigned assumed
  error: 2 plat 4 at GrayScotteCalculator.compute(19): undeclared identifier 'xor128'
  api=4 insize=1827 outsize=0 ok=0
Cmd: compileComputeKernel
  error: 1 plat 4 at GrayScotteCalculator.compute(19): signed/unsigned mismatch, unsigned assumed
  error: 1 plat 4 at GrayScotteCalculator.compute(20): signed/unsigned mismatch, unsigned assumed
  error: 2 plat 4 at GrayScotteCalculator.compute(25): undeclared identifier 'xor128'
  api=4 insize=1869 outsize=0 ok=0
Cmd: compileComputeKernel
  error: 1 plat 4 at GrayScotteCalculator.compute(19): signed/unsigned mismatch, unsigned assumed
  error: 1 plat 4 at GrayScotteCalculator.compute(20): signed/unsigned mismatch, unsigned assumed
  api=4 insize=1577 outsize=1406 ok=1
Cmd: compileComputeKernel
  error: 1 plat 4 at GrayScotteCalculator.compute(20): signed/unsigned mismatch, unsigned assumed
  error: 1 plat 4 at GrayScotteCalculator.compute(21): signed/unsigned mismatch, unsigned assumed
  api=4 insize=1328 outsize=1362 ok=1
Cmd: compileSnippet
  error: 2 plat 4 at (205): undeclared identifier '_SpecNoise'\nCompiling Fragment program with UNITY_PASS_FORWARDBASE
Platform defines: UNITY_ENABLE_REFLECTION_BUFFERS UNITY_USE_DITHER_MASK_FOR_ALPHABLENDED_SHADOWS UNITY_PBS_USE_BRDF1 UNITY_SPECCUBE_BOX_PROJECTION UNITY_SPECCUBE_BLENDING UNITY_ENABLE_DETAIL_NORMALMAP SHADER_API_DESKTOP UNITY_COLORSPACE_GAMMA UNITY_LIGHT_PROBE_PROXY_VOLUME UNITY_LIGHTMAP_FULL_HDR
  api=4 type=1 insize=5765 outsize=0 kw=UNITY_PASS_FORWARDBASE pd=UNITY_ENABLE_REFLECTION_BUFFERS UNITY_USE_DITHER_MASK_FOR_ALPHABLENDED_SHADOWS UNITY_PBS_USE_BRDF1 UNITY_SPECCUBE_BOX_PROJECTION UNITY_SPECCUBE_BLENDING UNITY_ENABLE_DETAIL_NORMALMAP SHADER_API_DESKTOP UNITY_COLORSPACE_GAMMA UNITY_LIGHT_PROBE_PROXY_VOLUME UNITY_LIGHTMAP_FULL_HDR ok=0
Cmd: compileSnippet
  error: 2 plat 4 at (167): invalid subscript 'uv'\nCompiling Fragment program with UNITY_PASS_FORWARDBASE
Platform defines: UNITY_ENABLE_REFLECTION_BUFFERS UNITY_USE_DITHER_MASK_FOR_ALPHABLENDED_SHADOWS UNITY_PBS_USE_BRDF1 UNITY_SPECCUBE_BOX_PROJECTION UNITY_SPECCUBE_BLENDING UNITY_ENABLE_DETAIL_NORMALMAP SHADER_API_DESKTOP UNITY_COLORSPACE_GAMMA UNITY_LIGHT_PROBE_PROXY_VOLUME UNITY_LIGHTMAP_FULL_HDR
  api=4 type=1 insize=4629 outsize=0 kw=UNITY_PASS_FORWARDBASE pd=UNITY_ENABLE_REFLECTION_BUFFERS UNITY_USE_DITHER_MASK_FOR_ALPHABLENDED_SHADOWS UNITY_PBS_USE_BRDF1 UNITY_SPECCUBE_BOX_PROJECTION UNITY_SPECCUBE_BLENDING UNITY_ENABLE_DETAIL_NORMALMAP SHADER_API_DESKTOP UNITY_COLORSPACE_GAMMA UNITY_LIGHT_PROBE_PROXY_VOLUME UNITY_LIGHTMAP_FULL_HDR ok=0
